[32m2024-10-16 00:08:59.192[0;39m [WARN] com.zaxxer.hikari.pool.HikariPool [HikariPool-1 housekeeper] HikariPool-1 - Thread starvation or clock leap detected (housekeeper delta=23m58s200ms923µs700ns).
[32m2024-10-16 01:49:46.568[0;39m [WARN] com.zaxxer.hikari.pool.HikariPool [HikariPool-1 housekeeper] HikariPool-1 - Thread starvation or clock leap detected (housekeeper delta=21m43s484ms525µs100ns).
[32m2024-10-16 02:58:37.378[0;39m [WARN] com.zaxxer.hikari.pool.HikariPool [HikariPool-1 housekeeper] HikariPool-1 - Thread starvation or clock leap detected (housekeeper delta=1h8m50s909ms567µs900ns).
[32m2024-10-16 03:53:02.499[0;39m [WARN] com.zaxxer.hikari.pool.HikariPool [HikariPool-1 housekeeper] HikariPool-1 - Thread starvation or clock leap detected (housekeeper delta=51m55s77ms561µs900ns).
[32m2024-10-16 04:49:43.464[0;39m [WARN] com.zaxxer.hikari.pool.HikariPool [HikariPool-1 housekeeper] HikariPool-1 - Thread starvation or clock leap detected (housekeeper delta=53m39s396ms644µs).
[32m2024-10-16 05:45:55.498[0;39m [WARN] com.zaxxer.hikari.pool.HikariPool [HikariPool-1 housekeeper] HikariPool-1 - Thread starvation or clock leap detected (housekeeper delta=53m11s988ms105µs700ns).
[32m2024-10-16 06:42:34.010[0;39m [WARN] com.zaxxer.hikari.pool.HikariPool [HikariPool-1 housekeeper] HikariPool-1 - Thread starvation or clock leap detected (housekeeper delta=54m8s464ms701µs700ns).
[32m2024-10-16 06:54:17.799[0;39m [WARN] com.zaxxer.hikari.pool.HikariPool [HikariPool-1 housekeeper] HikariPool-1 - Thread starvation or clock leap detected (housekeeper delta=8m43s734ms559µs600ns).
[32m2024-10-16 08:54:04.137[0;39m [WARN] com.zaxxer.hikari.pool.HikariPool [HikariPool-1 housekeeper] HikariPool-1 - Thread starvation or clock leap detected (housekeeper delta=1h58m16s313ms628µs).
[32m2024-10-16 09:45:20.547[0;39m [WARN] com.zaxxer.hikari.pool.HikariPool [HikariPool-1 housekeeper] HikariPool-1 - Thread starvation or clock leap detected (housekeeper delta=47m46s34ms639µs).
[32m2024-10-16 10:45:27.603[0;39m [WARN] com.zaxxer.hikari.pool.HikariPool [HikariPool-1 housekeeper] HikariPool-1 - Thread starvation or clock leap detected (housekeeper delta=21m4s884ms439µs100ns).
[32m2024-10-16 11:08:45.139[0;39m [WARN] com.zaxxer.hikari.pool.HikariPool [HikariPool-1 housekeeper] HikariPool-1 - Thread starvation or clock leap detected (housekeeper delta=21m17s475ms828µs700ns).
[32m2024-10-16 12:13:47.037[0;39m [INFO] org.apache.catalina.core.ContainerBase.[Tomcat].[localhost].[/] [http-nio-7272-exec-1] Initializing Spring DispatcherServlet 'dispatcherServlet'
[32m2024-10-16 12:13:47.154[0;39m [INFO] org.springframework.web.servlet.DispatcherServlet [http-nio-7272-exec-1] Initializing Servlet 'dispatcherServlet'
[32m2024-10-16 12:13:47.284[0;39m [INFO] org.springframework.web.servlet.DispatcherServlet [http-nio-7272-exec-1] Completed initialization in 121 ms
[32m2024-10-16 13:25:48.947[0;39m [WARN] com.zaxxer.hikari.pool.HikariPool [HikariPool-1 housekeeper] HikariPool-1 - Thread starvation or clock leap detected (housekeeper delta=42m32s152ms49µs500ns).
[32m2024-10-16 13:52:46.433[0;39m [WARN] com.zaxxer.hikari.pool.HikariPool [HikariPool-1 housekeeper] HikariPool-1 - Thread starvation or clock leap detected (housekeeper delta=4m57s138ms867µs600ns).
[32m2024-10-16 14:26:58.805[0;39m [INFO] com.wipro.booking.restcontroller.BookingRestController [http-nio-7272-exec-9] Fetching all bookings
[32m2024-10-16 14:26:58.812[0;39m [INFO] com.wipro.booking.service.BookingServiceImp [http-nio-7272-exec-9] Fetching all bookings from service class
[32m2024-10-16 14:29:06.602[0;39m [INFO] com.wipro.booking.restcontroller.BookingRestController [http-nio-7272-exec-3] Fetching all bookings
[32m2024-10-16 14:29:06.604[0;39m [INFO] com.wipro.booking.service.BookingServiceImp [http-nio-7272-exec-3] Fetching all bookings from service class
[32m2024-10-16 14:46:55.950[0;39m [INFO] org.springframework.boot.admin.SpringApplicationAdminMXBeanRegistrar$SpringApplicationAdmin [RMI TCP Connection(444)-127.0.0.1] Application shutdown requested.
[32m2024-10-16 14:46:56.264[0;39m [INFO] org.springframework.orm.jpa.LocalContainerEntityManagerFactoryBean [RMI TCP Connection(444)-127.0.0.1] Closing JPA EntityManagerFactory for persistence unit 'default'
[32m2024-10-16 14:46:56.314[0;39m [INFO] com.zaxxer.hikari.HikariDataSource [RMI TCP Connection(444)-127.0.0.1] HikariPool-1 - Shutdown initiated...
[32m2024-10-16 14:46:56.333[0;39m [INFO] com.zaxxer.hikari.HikariDataSource [RMI TCP Connection(444)-127.0.0.1] HikariPool-1 - Shutdown completed.
